0 info it worked if it ends with ok
1 verbose cli [ 'node', '/usr/local/bin/npm', 'run', 'dev' ]
2 info using npm@2.7.4
3 info using node@v0.12.2
4 verbose run-script [ 'predev', 'dev', 'postdev' ]
5 info predev webpack-react@0.0.1
6 info dev webpack-react@0.0.1
7 verbose unsafe-perm in lifecycle true
8 info webpack-react@0.0.1 Failed to exec dev script
9 verbose stack Error: webpack-react@0.0.1 dev: `node dev-server ./webpack-dev-server.config.js `
9 verbose stack Exit status 1
9 verbose stack     at EventEmitter.<anonymous> (/usr/local/lib/node_modules/npm/lib/utils/lifecycle.js:213:16)
9 verbose stack     at EventEmitter.emit (events.js:110:17)
9 verbose stack     at ChildProcess.<anonymous> (/usr/local/lib/node_modules/npm/lib/utils/spawn.js:14:12)
9 verbose stack     at ChildProcess.emit (events.js:110:17)
9 verbose stack     at maybeClose (child_process.js:1015:16)
9 verbose stack     at Process.ChildProcess._handle.onexit (child_process.js:1087:5)
10 verbose pkgid webpack-react@0.0.1
11 verbose cwd /Users/duncan/Desktop/project/react-webpack-generator
12 error Darwin 14.3.0
13 error argv "node" "/usr/local/bin/npm" "run" "dev"
14 error node v0.12.2
15 error npm  v2.7.4
16 error code ELIFECYCLE
17 error webpack-react@0.0.1 dev: `node dev-server ./webpack-dev-server.config.js `
17 error Exit status 1
18 error Failed at the webpack-react@0.0.1 dev script 'node dev-server ./webpack-dev-server.config.js '.
18 error This is most likely a problem with the webpack-react package,
18 error not with npm itself.
18 error Tell the author that this fails on your system:
18 error     node dev-server ./webpack-dev-server.config.js
18 error You can get their info via:
18 error     npm owner ls webpack-react
18 error There is likely additional logging output above.
19 verbose exit [ 1, true ]
